{"/Users/adevadiga/anoopdev/MALASIA/fly-away/src/components/FlyAway.js": {"path":"/Users/adevadiga/anoopdev/MALASIA/fly-away/src/components/FlyAway.js","statementMap":{"0":{"start":{"line":6,"column":16},"end":{"line":24,"column":1}},"1":{"start":{"line":7,"column":44},"end":{"line":10,"column":6}},"2":{"start":{"line":11,"column":4},"end":{"line":22,"column":6}}},"fnMap":{"0":{"name":"(anonymous_0)","decl":{"start":{"line":6,"column":16},"end":{"line":6,"column":17}},"loc":{"start":{"line":6,"column":22},"end":{"line":24,"column":1}},"line":6}},"branchMap":{},"s":{"0":2,"1":2,"2":2},"f":{"0":2},"b":{},"_coverageSchema":"43e27e138ebf9cfc5966b082cf9a028302ed4184","hash":"15c9a96a6d308bdd33d6b16400dfa4719e17b510"}
,"/Users/adevadiga/anoopdev/MALASIA/fly-away/src/components/flightDisplay/DayFlightPrice.js": {"path":"/Users/adevadiga/anoopdev/MALASIA/fly-away/src/components/flightDisplay/DayFlightPrice.js","statementMap":{"0":{"start":{"line":20,"column":23},"end":{"line":41,"column":1}},"1":{"start":{"line":21,"column":28},"end":{"line":21,"column":39}},"2":{"start":{"line":22,"column":38},"end":{"line":22,"column":52}},"3":{"start":{"line":24,"column":4},"end":{"line":33,"column":29}},"4":{"start":{"line":25,"column":8},"end":{"line":32,"column":11}},"5":{"start":{"line":26,"column":12},"end":{"line":26,"column":26}},"6":{"start":{"line":27,"column":12},"end":{"line":27,"column":32}},"7":{"start":{"line":29,"column":12},"end":{"line":29,"column":29}},"8":{"start":{"line":30,"column":12},"end":{"line":30,"column":32}},"9":{"start":{"line":31,"column":12},"end":{"line":31,"column":26}},"10":{"start":{"line":35,"column":4},"end":{"line":40,"column":6}}},"fnMap":{"0":{"name":"(anonymous_0)","decl":{"start":{"line":20,"column":23},"end":{"line":20,"column":24}},"loc":{"start":{"line":20,"column":49},"end":{"line":41,"column":1}},"line":20},"1":{"name":"(anonymous_1)","decl":{"start":{"line":24,"column":14},"end":{"line":24,"column":15}},"loc":{"start":{"line":24,"column":20},"end":{"line":33,"column":5}},"line":24},"2":{"name":"(anonymous_2)","decl":{"start":{"line":25,"column":51},"end":{"line":25,"column":52}},"loc":{"start":{"line":25,"column":59},"end":{"line":28,"column":9}},"line":25},"3":{"name":"(anonymous_3)","decl":{"start":{"line":28,"column":17},"end":{"line":28,"column":18}},"loc":{"start":{"line":28,"column":24},"end":{"line":32,"column":9}},"line":28}},"branchMap":{"0":{"loc":{"start":{"line":37,"column":9},"end":{"line":37,"column":43}},"type":"binary-expr","locations":[{"start":{"line":37,"column":9},"end":{"line":37,"column":18}},{"start":{"line":37,"column":22},"end":{"line":37,"column":43}}],"line":37},"1":{"loc":{"start":{"line":38,"column":9},"end":{"line":38,"column":63}},"type":"binary-expr","locations":[{"start":{"line":38,"column":9},"end":{"line":38,"column":19}},{"start":{"line":38,"column":23},"end":{"line":38,"column":63}}],"line":38}},"s":{"0":4,"1":33,"2":33,"3":33,"4":31,"5":1,"6":1,"7":0,"8":0,"9":0,"10":33},"f":{"0":33,"1":31,"2":1,"3":0},"b":{"0":[33,32],"1":[33,1]},"_coverageSchema":"43e27e138ebf9cfc5966b082cf9a028302ed4184","hash":"74896649a51e3156da8196902e28c593713efe0a"}
,"/Users/adevadiga/anoopdev/MALASIA/fly-away/src/components/flightDisplay/DayPicker.jsx": {"path":"/Users/adevadiga/anoopdev/MALASIA/fly-away/src/components/flightDisplay/DayPicker.jsx","statementMap":{"0":{"start":{"line":10,"column":12},"end":{"line":13,"column":5}},"1":{"start":{"line":16,"column":8},"end":{"line":16,"column":21}},"2":{"start":{"line":17,"column":8},"end":{"line":17,"column":41}},"3":{"start":{"line":20,"column":18},"end":{"line":24,"column":5}},"4":{"start":{"line":21,"column":8},"end":{"line":23,"column":11}},"5":{"start":{"line":26,"column":27},"end":{"line":30,"column":5}},"6":{"start":{"line":27,"column":8},"end":{"line":29,"column":11}},"7":{"start":{"line":32,"column":27},"end":{"line":36,"column":5}},"8":{"start":{"line":33,"column":8},"end":{"line":35,"column":11}},"9":{"start":{"line":38,"column":22},"end":{"line":40,"column":5}},"10":{"start":{"line":39,"column":8},"end":{"line":39,"column":43}},"11":{"start":{"line":43,"column":45},"end":{"line":43,"column":55}},"12":{"start":{"line":44,"column":31},"end":{"line":44,"column":41}},"13":{"start":{"line":45,"column":8},"end":{"line":60,"column":10}}},"fnMap":{"0":{"name":"(anonymous_0)","decl":{"start":{"line":15,"column":4},"end":{"line":15,"column":5}},"loc":{"start":{"line":15,"column":23},"end":{"line":18,"column":5}},"line":15},"1":{"name":"(anonymous_1)","decl":{"start":{"line":20,"column":18},"end":{"line":20,"column":19}},"loc":{"start":{"line":20,"column":25},"end":{"line":24,"column":5}},"line":20},"2":{"name":"(anonymous_2)","decl":{"start":{"line":26,"column":27},"end":{"line":26,"column":28}},"loc":{"start":{"line":26,"column":33},"end":{"line":30,"column":5}},"line":26},"3":{"name":"(anonymous_3)","decl":{"start":{"line":32,"column":27},"end":{"line":32,"column":28}},"loc":{"start":{"line":32,"column":33},"end":{"line":36,"column":5}},"line":32},"4":{"name":"(anonymous_4)","decl":{"start":{"line":38,"column":22},"end":{"line":38,"column":23}},"loc":{"start":{"line":38,"column":32},"end":{"line":40,"column":5}},"line":38},"5":{"name":"(anonymous_5)","decl":{"start":{"line":42,"column":4},"end":{"line":42,"column":5}},"loc":{"start":{"line":42,"column":13},"end":{"line":61,"column":5}},"line":42}},"branchMap":{},"s":{"0":7,"1":7,"2":7,"3":7,"4":0,"5":7,"6":1,"7":7,"8":1,"9":7,"10":0,"11":14,"12":14,"13":14},"f":{"0":7,"1":0,"2":1,"3":1,"4":0,"5":14},"b":{},"_coverageSchema":"43e27e138ebf9cfc5966b082cf9a028302ed4184","hash":"0abd0ccbfb350637ecece980db4f3dd7c3016d21"}
,"/Users/adevadiga/anoopdev/MALASIA/fly-away/src/components/flightDisplay/calendar/CalendarDateCell.jsx": {"path":"/Users/adevadiga/anoopdev/MALASIA/fly-away/src/components/flightDisplay/calendar/CalendarDateCell.jsx","statementMap":{"0":{"start":{"line":5,"column":25},"end":{"line":7,"column":1}},"1":{"start":{"line":6,"column":4},"end":{"line":6,"column":35}},"2":{"start":{"line":6,"column":17},"end":{"line":6,"column":34}},"3":{"start":{"line":9,"column":18},"end":{"line":9,"column":28}},"4":{"start":{"line":10,"column":4},"end":{"line":10,"column":28}},"5":{"start":{"line":11,"column":28},"end":{"line":11,"column":49}},"6":{"start":{"line":13,"column":4},"end":{"line":22,"column":6}}},"fnMap":{"0":{"name":"(anonymous_0)","decl":{"start":{"line":5,"column":25},"end":{"line":5,"column":26}},"loc":{"start":{"line":5,"column":48},"end":{"line":7,"column":1}},"line":5},"1":{"name":"(anonymous_1)","decl":{"start":{"line":6,"column":11},"end":{"line":6,"column":12}},"loc":{"start":{"line":6,"column":17},"end":{"line":6,"column":34}},"line":6},"2":{"name":"CalendarDateCell","decl":{"start":{"line":8,"column":24},"end":{"line":8,"column":40}},"loc":{"start":{"line":8,"column":89},"end":{"line":23,"column":1}},"line":8}},"branchMap":{"0":{"loc":{"start":{"line":15,"column":35},"end":{"line":15,"column":81}},"type":"cond-expr","locations":[{"start":{"line":15,"column":66},"end":{"line":15,"column":76}},{"start":{"line":15,"column":79},"end":{"line":15,"column":81}}],"line":15},"1":{"loc":{"start":{"line":20,"column":13},"end":{"line":20,"column":88}},"type":"binary-expr","locations":[{"start":{"line":20,"column":13},"end":{"line":20,"column":28}},{"start":{"line":20,"column":32},"end":{"line":20,"column":88}}],"line":20}},"s":{"0":3,"1":30,"2":0,"3":30,"4":30,"5":30,"6":30},"f":{"0":30,"1":0,"2":30},"b":{"0":[1,29],"1":[30,30]},"_coverageSchema":"43e27e138ebf9cfc5966b082cf9a028302ed4184","hash":"b0bf4a4cf231f04ce7c03f550a285de4adf8eb49"}
,"/Users/adevadiga/anoopdev/MALASIA/fly-away/src/components/flightDisplay/calendar/CalendarDates.js": {"path":"/Users/adevadiga/anoopdev/MALASIA/fly-away/src/components/flightDisplay/calendar/CalendarDates.js","statementMap":{"0":{"start":{"line":7,"column":22},"end":{"line":32,"column":1}},"1":{"start":{"line":8,"column":23},"end":{"line":8,"column":50}},"2":{"start":{"line":9,"column":21},"end":{"line":9,"column":51}},"3":{"start":{"line":10,"column":22},"end":{"line":10,"column":53}},"4":{"start":{"line":11,"column":20},"end":{"line":11,"column":47}},"5":{"start":{"line":13,"column":17},"end":{"line":13,"column":19}},"6":{"start":{"line":14,"column":15},"end":{"line":14,"column":17}},"7":{"start":{"line":15,"column":14},"end":{"line":15,"column":23}},"8":{"start":{"line":17,"column":4},"end":{"line":30,"column":5}},"9":{"start":{"line":18,"column":8},"end":{"line":26,"column":9}},"10":{"start":{"line":18,"column":21},"end":{"line":18,"column":22}},"11":{"start":{"line":19,"column":24},"end":{"line":19,"column":80}},"12":{"start":{"line":20,"column":31},"end":{"line":20,"column":68}},"13":{"start":{"line":21,"column":12},"end":{"line":24,"column":14}},"14":{"start":{"line":25,"column":12},"end":{"line":25,"column":42}},"15":{"start":{"line":27,"column":8},"end":{"line":27,"column":73}},"16":{"start":{"line":29,"column":8},"end":{"line":29,"column":18}},"17":{"start":{"line":31,"column":4},"end":{"line":31,"column":46}},"18":{"start":{"line":34,"column":0},"end":{"line":42,"column":2}}},"fnMap":{"0":{"name":"(anonymous_0)","decl":{"start":{"line":7,"column":22},"end":{"line":7,"column":23}},"loc":{"start":{"line":7,"column":76},"end":{"line":32,"column":1}},"line":7}},"branchMap":{"0":{"loc":{"start":{"line":22,"column":16},"end":{"line":23,"column":167}},"type":"cond-expr","locations":[{"start":{"line":22,"column":29},"end":{"line":22,"column":66}},{"start":{"line":23,"column":22},"end":{"line":23,"column":167}}],"line":22}},"s":{"0":3,"1":1,"2":1,"3":1,"4":1,"5":1,"6":1,"7":1,"8":1,"9":5,"10":5,"11":35,"12":35,"13":35,"14":35,"15":5,"16":5,"17":1,"18":3},"f":{"0":1},"b":{"0":[5,30]},"_coverageSchema":"43e27e138ebf9cfc5966b082cf9a028302ed4184","hash":"56d934b0ffc7f09a3523e3482f0b6d428a29a739"}
,"/Users/adevadiga/anoopdev/MALASIA/fly-away/src/components/flightDisplay/calendar/CalendarHeader.js": {"path":"/Users/adevadiga/anoopdev/MALASIA/fly-away/src/components/flightDisplay/calendar/CalendarHeader.js","statementMap":{"0":{"start":{"line":5,"column":23},"end":{"line":24,"column":1}},"1":{"start":{"line":6,"column":23},"end":{"line":6,"column":33}},"2":{"start":{"line":7,"column":24},"end":{"line":7,"column":65}},"3":{"start":{"line":8,"column":4},"end":{"line":23,"column":6}},"4":{"start":{"line":26,"column":0},"end":{"line":30,"column":2}}},"fnMap":{"0":{"name":"(anonymous_0)","decl":{"start":{"line":5,"column":23},"end":{"line":5,"column":24}},"loc":{"start":{"line":5,"column":62},"end":{"line":24,"column":1}},"line":5}},"branchMap":{"0":{"loc":{"start":{"line":11,"column":16},"end":{"line":13,"column":22}},"type":"binary-expr","locations":[{"start":{"line":11,"column":16},"end":{"line":11,"column":28}},{"start":{"line":11,"column":32},"end":{"line":13,"column":22}}],"line":11}},"s":{"0":3,"1":1,"2":1,"3":1,"4":3},"f":{"0":1},"b":{"0":[1,0]},"_coverageSchema":"43e27e138ebf9cfc5966b082cf9a028302ed4184","hash":"63883dda745d227004574a89f0e5962007d5f39a"}
,"/Users/adevadiga/anoopdev/MALASIA/fly-away/src/components/flightDisplay/calendar/CalendarWeeks.js": {"path":"/Users/adevadiga/anoopdev/MALASIA/fly-away/src/components/flightDisplay/calendar/CalendarWeeks.js","statementMap":{"0":{"start":{"line":5,"column":22},"end":{"line":19,"column":1}},"1":{"start":{"line":6,"column":23},"end":{"line":6,"column":28}},"2":{"start":{"line":7,"column":17},"end":{"line":7,"column":19}},"3":{"start":{"line":8,"column":20},"end":{"line":8,"column":38}},"4":{"start":{"line":10,"column":4},"end":{"line":16,"column":5}},"5":{"start":{"line":10,"column":17},"end":{"line":10,"column":18}},"6":{"start":{"line":11,"column":8},"end":{"line":15,"column":10}},"7":{"start":{"line":18,"column":4},"end":{"line":18,"column":50}},"8":{"start":{"line":21,"column":0},"end":{"line":23,"column":2}}},"fnMap":{"0":{"name":"(anonymous_0)","decl":{"start":{"line":5,"column":22},"end":{"line":5,"column":23}},"loc":{"start":{"line":5,"column":35},"end":{"line":19,"column":1}},"line":5}},"branchMap":{},"s":{"0":3,"1":1,"2":1,"3":1,"4":1,"5":1,"6":7,"7":1,"8":3},"f":{"0":1},"b":{},"_coverageSchema":"43e27e138ebf9cfc5966b082cf9a028302ed4184","hash":"447ecf9dae3b7795675114cc61756549188a2d02"}
,"/Users/adevadiga/anoopdev/MALASIA/fly-away/src/components/flightSearch/FlightSearch.js": {"path":"/Users/adevadiga/anoopdev/MALASIA/fly-away/src/components/flightSearch/FlightSearch.js","statementMap":{"0":{"start":{"line":6,"column":22},"end":{"line":44,"column":1}},"1":{"start":{"line":7,"column":25},"end":{"line":21,"column":5}},"2":{"start":{"line":11,"column":12},"end":{"line":11,"column":24}},"3":{"start":{"line":12,"column":27},"end":{"line":14,"column":10}},"4":{"start":{"line":20,"column":8},"end":{"line":20,"column":36}},"5":{"start":{"line":24,"column":4},"end":{"line":43,"column":6}},"6":{"start":{"line":45,"column":21},"end":{"line":55,"column":1}},"7":{"start":{"line":46,"column":4},"end":{"line":53,"column":6}},"8":{"start":{"line":57,"column":0},"end":{"line":63,"column":2}},"9":{"start":{"line":65,"column":0},"end":{"line":71,"column":2}}},"fnMap":{"0":{"name":"(anonymous_0)","decl":{"start":{"line":6,"column":22},"end":{"line":6,"column":23}},"loc":{"start":{"line":6,"column":57},"end":{"line":44,"column":1}},"line":6},"1":{"name":"(anonymous_1)","decl":{"start":{"line":7,"column":25},"end":{"line":7,"column":26}},"loc":{"start":{"line":7,"column":36},"end":{"line":21,"column":5}},"line":7},"2":{"name":"(anonymous_2)","decl":{"start":{"line":45,"column":21},"end":{"line":45,"column":22}},"loc":{"start":{"line":45,"column":56},"end":{"line":55,"column":1}},"line":45}},"branchMap":{},"s":{"0":3,"1":3,"2":2,"3":2,"4":2,"5":3,"6":3,"7":3,"8":3,"9":3},"f":{"0":3,"1":2,"2":3},"b":{},"_coverageSchema":"43e27e138ebf9cfc5966b082cf9a028302ed4184","hash":"3df4e9c1a1354e24f2ba286f9d3a02d7e44cc2bf"}
,"/Users/adevadiga/anoopdev/MALASIA/fly-away/src/service/FlightPriceCalculator.js": {"path":"/Users/adevadiga/anoopdev/MALASIA/fly-away/src/service/FlightPriceCalculator.js","statementMap":{"0":{"start":{"line":3,"column":33},"end":{"line":10,"column":1}},"1":{"start":{"line":4,"column":19},"end":{"line":4,"column":42}},"2":{"start":{"line":5,"column":4},"end":{"line":8,"column":5}},"3":{"start":{"line":6,"column":8},"end":{"line":7,"column":90}},"4":{"start":{"line":7,"column":44},"end":{"line":7,"column":78}},"5":{"start":{"line":9,"column":4},"end":{"line":9,"column":63}},"6":{"start":{"line":13,"column":23},"end":{"line":13,"column":76}},"7":{"start":{"line":14,"column":35},"end":{"line":14,"column":71}},"8":{"start":{"line":15,"column":4},"end":{"line":15,"column":53}}},"fnMap":{"0":{"name":"(anonymous_0)","decl":{"start":{"line":3,"column":33},"end":{"line":3,"column":34}},"loc":{"start":{"line":3,"column":52},"end":{"line":10,"column":1}},"line":3},"1":{"name":"(anonymous_1)","decl":{"start":{"line":7,"column":20},"end":{"line":7,"column":21}},"loc":{"start":{"line":7,"column":44},"end":{"line":7,"column":78}},"line":7},"2":{"name":"getMinPriceForDay","decl":{"start":{"line":12,"column":22},"end":{"line":12,"column":39}},"loc":{"start":{"line":12,"column":60},"end":{"line":16,"column":1}},"line":12}},"branchMap":{"0":{"loc":{"start":{"line":9,"column":11},"end":{"line":9,"column":62}},"type":"cond-expr","locations":[{"start":{"line":9,"column":50},"end":{"line":9,"column":51}},{"start":{"line":9,"column":54},"end":{"line":9,"column":62}}],"line":9}},"s":{"0":5,"1":1,"2":1,"3":1,"4":2,"5":1,"6":31,"7":1,"8":1},"f":{"0":1,"1":2,"2":31},"b":{"0":[0,1]},"_coverageSchema":"43e27e138ebf9cfc5966b082cf9a028302ed4184","hash":"0b6701efd9845d8ed0add57fb02bfeff9ccdfb18"}
,"/Users/adevadiga/anoopdev/MALASIA/fly-away/src/service/RapidApi.js": {"path":"/Users/adevadiga/anoopdev/MALASIA/fly-away/src/service/RapidApi.js","statementMap":{"0":{"start":{"line":5,"column":20},"end":{"line":5,"column":70}},"1":{"start":{"line":6,"column":4},"end":{"line":10,"column":5}},"2":{"start":{"line":7,"column":8},"end":{"line":7,"column":83}},"3":{"start":{"line":9,"column":8},"end":{"line":9,"column":65}},"4":{"start":{"line":14,"column":21},"end":{"line":22,"column":6}},"5":{"start":{"line":23,"column":4},"end":{"line":23,"column":34}},"6":{"start":{"line":26,"column":36},"end":{"line":47,"column":1}},"7":{"start":{"line":27,"column":18},"end":{"line":39,"column":5}},"8":{"start":{"line":41,"column":20},"end":{"line":44,"column":18}},"9":{"start":{"line":42,"column":23},"end":{"line":42,"column":37}},"10":{"start":{"line":43,"column":22},"end":{"line":43,"column":66}},"11":{"start":{"line":46,"column":4},"end":{"line":46,"column":19}},"12":{"start":{"line":50,"column":21},"end":{"line":50,"column":44}},"13":{"start":{"line":51,"column":23},"end":{"line":51,"column":25}},"14":{"start":{"line":52,"column":16},"end":{"line":52,"column":17}},"15":{"start":{"line":53,"column":4},"end":{"line":56,"column":5}},"16":{"start":{"line":54,"column":8},"end":{"line":54,"column":44}},"17":{"start":{"line":55,"column":8},"end":{"line":55,"column":48}},"18":{"start":{"line":57,"column":4},"end":{"line":57,"column":45}},"19":{"start":{"line":58,"column":4},"end":{"line":58,"column":28}},"20":{"start":{"line":59,"column":4},"end":{"line":59,"column":22}},"21":{"start":{"line":63,"column":14},"end":{"line":63,"column":70}},"22":{"start":{"line":64,"column":4},"end":{"line":64,"column":74}},"23":{"start":{"line":66,"column":21},"end":{"line":72,"column":6}},"24":{"start":{"line":73,"column":4},"end":{"line":73,"column":26}},"25":{"start":{"line":77,"column":18},"end":{"line":77,"column":22}},"26":{"start":{"line":78,"column":20},"end":{"line":78,"column":21}},"27":{"start":{"line":79,"column":4},"end":{"line":86,"column":5}},"28":{"start":{"line":80,"column":25},"end":{"line":80,"column":61}},"29":{"start":{"line":81,"column":21},"end":{"line":81,"column":42}},"30":{"start":{"line":82,"column":8},"end":{"line":82,"column":70}},"31":{"start":{"line":83,"column":8},"end":{"line":83,"column":19}},"32":{"start":{"line":85,"column":8},"end":{"line":85,"column":20}}},"fnMap":{"0":{"name":"getSessionKeyForFlightQuery","decl":{"start":{"line":4,"column":22},"end":{"line":4,"column":49}},"loc":{"start":{"line":4,"column":70},"end":{"line":11,"column":1}},"line":4},"1":{"name":"createRapidApiSessionKey","decl":{"start":{"line":13,"column":15},"end":{"line":13,"column":39}},"loc":{"start":{"line":13,"column":60},"end":{"line":24,"column":1}},"line":13},"2":{"name":"(anonymous_2)","decl":{"start":{"line":26,"column":36},"end":{"line":26,"column":37}},"loc":{"start":{"line":26,"column":60},"end":{"line":47,"column":1}},"line":26},"3":{"name":"(anonymous_3)","decl":{"start":{"line":42,"column":16},"end":{"line":42,"column":17}},"loc":{"start":{"line":42,"column":23},"end":{"line":42,"column":37}},"line":42},"4":{"name":"(anonymous_4)","decl":{"start":{"line":43,"column":13},"end":{"line":43,"column":14}},"loc":{"start":{"line":43,"column":22},"end":{"line":43,"column":66}},"line":43},"5":{"name":"pollSessionResults","decl":{"start":{"line":49,"column":22},"end":{"line":49,"column":40}},"loc":{"start":{"line":49,"column":53},"end":{"line":60,"column":1}},"line":49},"6":{"name":"pollApi","decl":{"start":{"line":62,"column":15},"end":{"line":62,"column":22}},"loc":{"start":{"line":62,"column":46},"end":{"line":74,"column":1}},"line":62},"7":{"name":"pollSession","decl":{"start":{"line":76,"column":16},"end":{"line":76,"column":27}},"loc":{"start":{"line":76,"column":40},"end":{"line":87,"column":1}},"line":76}},"branchMap":{"0":{"loc":{"start":{"line":6,"column":4},"end":{"line":10,"column":5}},"type":"if","locations":[{"start":{"line":6,"column":4},"end":{"line":10,"column":5}},{"start":{"line":6,"column":4},"end":{"line":10,"column":5}}],"line":6}},"s":{"0":30,"1":0,"2":0,"3":0,"4":30,"5":0,"6":6,"7":30,"8":30,"9":330,"10":210,"11":30,"12":0,"13":0,"14":0,"15":0,"16":0,"17":0,"18":0,"19":0,"20":0,"21":0,"22":0,"23":0,"24":0,"25":0,"26":0,"27":0,"28":0,"29":0,"30":0,"31":0,"32":0},"f":{"0":30,"1":30,"2":30,"3":330,"4":210,"5":0,"6":0,"7":0},"b":{"0":[0,0]},"_coverageSchema":"43e27e138ebf9cfc5966b082cf9a028302ed4184","hash":"1b100a977dabb0f240cd262918ff3571f3b60084"}
}
