TN:
SF:/Users/adevadiga/anoopdev/MALASIA/fly-away/src/components/FlyAway.js
FN:6,(anonymous_0)
FNF:1
FNH:1
FNDA:2,(anonymous_0)
DA:6,2
DA:7,2
DA:11,2
LF:3
LH:3
BRF:0
BRH:0
end_of_record
TN:
SF:/Users/adevadiga/anoopdev/MALASIA/fly-away/src/components/flightDisplay/DayFlightPrice.js
FN:20,(anonymous_0)
FN:24,(anonymous_1)
FN:25,(anonymous_2)
FN:28,(anonymous_3)
FNF:4
FNH:3
FNDA:33,(anonymous_0)
FNDA:31,(anonymous_1)
FNDA:1,(anonymous_2)
FNDA:0,(anonymous_3)
DA:20,4
DA:21,33
DA:22,33
DA:24,33
DA:25,31
DA:26,1
DA:27,1
DA:29,0
DA:30,0
DA:31,0
DA:35,33
LF:11
LH:8
BRDA:37,0,0,33
BRDA:37,0,1,32
BRDA:38,1,0,33
BRDA:38,1,1,1
BRF:4
BRH:4
end_of_record
TN:
SF:/Users/adevadiga/anoopdev/MALASIA/fly-away/src/components/flightDisplay/DayPicker.jsx
FN:15,(anonymous_0)
FN:20,(anonymous_1)
FN:26,(anonymous_2)
FN:32,(anonymous_3)
FN:38,(anonymous_4)
FN:42,(anonymous_5)
FNF:6
FNH:4
FNDA:7,(anonymous_0)
FNDA:0,(anonymous_1)
FNDA:1,(anonymous_2)
FNDA:1,(anonymous_3)
FNDA:0,(anonymous_4)
FNDA:14,(anonymous_5)
DA:10,7
DA:16,7
DA:17,7
DA:20,7
DA:21,0
DA:26,7
DA:27,1
DA:32,7
DA:33,1
DA:38,7
DA:39,0
DA:43,14
DA:44,14
DA:45,14
LF:14
LH:12
BRF:0
BRH:0
end_of_record
TN:
SF:/Users/adevadiga/anoopdev/MALASIA/fly-away/src/components/flightDisplay/calendar/CalendarDateCell.jsx
FN:5,(anonymous_0)
FN:6,(anonymous_1)
FN:8,CalendarDateCell
FNF:3
FNH:2
FNDA:30,(anonymous_0)
FNDA:0,(anonymous_1)
FNDA:30,CalendarDateCell
DA:5,3
DA:6,30
DA:9,30
DA:10,30
DA:11,30
DA:13,30
LF:6
LH:6
BRDA:15,0,0,1
BRDA:15,0,1,29
BRDA:20,1,0,30
BRDA:20,1,1,30
BRF:4
BRH:4
end_of_record
TN:
SF:/Users/adevadiga/anoopdev/MALASIA/fly-away/src/components/flightDisplay/calendar/CalendarDates.js
FN:7,(anonymous_0)
FNF:1
FNH:1
FNDA:1,(anonymous_0)
DA:7,3
DA:8,1
DA:9,1
DA:10,1
DA:11,1
DA:13,1
DA:14,1
DA:15,1
DA:17,1
DA:18,5
DA:19,35
DA:20,35
DA:21,35
DA:25,35
DA:27,5
DA:29,5
DA:31,1
DA:34,3
LF:18
LH:18
BRDA:22,0,0,5
BRDA:22,0,1,30
BRF:2
BRH:2
end_of_record
TN:
SF:/Users/adevadiga/anoopdev/MALASIA/fly-away/src/components/flightDisplay/calendar/CalendarHeader.js
FN:5,(anonymous_0)
FNF:1
FNH:1
FNDA:1,(anonymous_0)
DA:5,3
DA:6,1
DA:7,1
DA:8,1
DA:26,3
LF:5
LH:5
BRDA:11,0,0,1
BRDA:11,0,1,0
BRF:2
BRH:1
end_of_record
TN:
SF:/Users/adevadiga/anoopdev/MALASIA/fly-away/src/components/flightDisplay/calendar/CalendarWeeks.js
FN:5,(anonymous_0)
FNF:1
FNH:1
FNDA:1,(anonymous_0)
DA:5,3
DA:6,1
DA:7,1
DA:8,1
DA:10,1
DA:11,7
DA:18,1
DA:21,3
LF:8
LH:8
BRF:0
BRH:0
end_of_record
TN:
SF:/Users/adevadiga/anoopdev/MALASIA/fly-away/src/components/flightSearch/FlightSearch.js
FN:6,(anonymous_0)
FN:7,(anonymous_1)
FN:45,(anonymous_2)
FNF:3
FNH:3
FNDA:3,(anonymous_0)
FNDA:2,(anonymous_1)
FNDA:3,(anonymous_2)
DA:6,3
DA:7,3
DA:11,2
DA:12,2
DA:20,2
DA:24,3
DA:45,3
DA:46,3
DA:57,3
DA:65,3
LF:10
LH:10
BRF:0
BRH:0
end_of_record
TN:
SF:/Users/adevadiga/anoopdev/MALASIA/fly-away/src/service/FlightPriceCalculator.js
FN:3,(anonymous_0)
FN:7,(anonymous_1)
FN:12,getMinPriceForDay
FNF:3
FNH:3
FNDA:1,(anonymous_0)
FNDA:2,(anonymous_1)
FNDA:31,getMinPriceForDay
DA:3,5
DA:4,1
DA:5,1
DA:6,1
DA:7,2
DA:9,1
DA:13,31
DA:14,1
DA:15,1
LF:9
LH:9
BRDA:9,0,0,0
BRDA:9,0,1,1
BRF:2
BRH:1
end_of_record
TN:
SF:/Users/adevadiga/anoopdev/MALASIA/fly-away/src/service/RapidApi.js
FN:4,getSessionKeyForFlightQuery
FN:13,createRapidApiSessionKey
FN:26,(anonymous_2)
FN:42,(anonymous_3)
FN:43,(anonymous_4)
FN:49,pollSessionResults
FN:62,pollApi
FN:76,pollSession
FNF:8
FNH:5
FNDA:30,getSessionKeyForFlightQuery
FNDA:30,createRapidApiSessionKey
FNDA:30,(anonymous_2)
FNDA:330,(anonymous_3)
FNDA:210,(anonymous_4)
FNDA:0,pollSessionResults
FNDA:0,pollApi
FNDA:0,pollSession
DA:5,30
DA:6,0
DA:7,0
DA:9,0
DA:14,30
DA:23,0
DA:26,6
DA:27,30
DA:41,30
DA:42,330
DA:43,210
DA:46,30
DA:50,0
DA:51,0
DA:52,0
DA:53,0
DA:54,0
DA:55,0
DA:57,0
DA:58,0
DA:59,0
DA:63,0
DA:64,0
DA:66,0
DA:73,0
DA:77,0
DA:78,0
DA:79,0
DA:80,0
DA:81,0
DA:82,0
DA:83,0
DA:85,0
LF:33
LH:8
BRDA:6,0,0,0
BRDA:6,0,1,0
BRF:2
BRH:0
end_of_record
